2023-04-06 11:39:01,022 INFO  [Log] ********************************** 
2023-04-06 11:39:01,022 INFO  [Log] ***************************************** 
2023-04-06 11:39:01,022 INFO  [Log] ############   My first test case is login test ################ 
2023-04-06 11:39:01,022 INFO  [Log] ********************************** 
2023-04-06 11:39:01,022 INFO  [Log] ***************************************** 
2023-04-06 11:39:01,022 INFO  [Log] My login test is going on 
2023-04-06 11:39:01,022 INFO  [Log] My test case might fail 
2023-04-06 11:39:03,087 INFO  [Log] My test case is about to finish 
2023-04-06 11:39:03,088 INFO  [Log] ################################## 
2023-04-06 11:39:03,088 INFO  [Log] ########################################## 
2023-04-06 11:39:03,088 INFO  [Log] ############   This is my login test case ################ 
2023-04-06 11:39:03,088 INFO  [Log] ########################## 
2023-04-06 11:39:03,088 INFO  [Log] ########################################## 
2023-04-06 11:41:01,616 INFO  [Log] ********************************** 
2023-04-06 11:41:01,616 INFO  [Log] ***************************************** 
2023-04-06 11:41:01,616 INFO  [Log] ############   My first test case is starting ################ 
2023-04-06 11:41:01,616 INFO  [Log] ********************************** 
2023-04-06 11:41:01,616 INFO  [Log] ***************************************** 
2023-04-06 11:41:01,616 INFO  [Log] My login test is going on 
2023-04-06 11:41:01,616 INFO  [Log] My test case might fail 
2023-04-06 11:41:03,985 INFO  [Log] My test case is about to finish 
2023-04-06 11:41:03,985 INFO  [Log] ################################## 
2023-04-06 11:41:03,985 INFO  [Log] ########################################## 
2023-04-06 11:41:03,985 INFO  [Log] ############   End of Test ################ 
2023-04-06 11:41:03,985 INFO  [Log] ########################## 
2023-04-06 11:41:03,986 INFO  [Log] ########################################## 
2023-04-09 10:40:35,318 INFO  [Log] ********************************** 
2023-04-09 10:40:35,319 INFO  [Log] ***************************************** 
2023-04-09 10:40:35,319 INFO  [Log] ############   My first test case is starting ################ 
2023-04-09 10:40:35,319 INFO  [Log] ********************************** 
2023-04-09 10:40:35,319 INFO  [Log] ***************************************** 
2023-04-09 10:40:35,319 INFO  [Log] My login test is going on 
2023-04-09 10:40:35,319 INFO  [Log] My test case might fail 
2023-04-09 10:40:37,172 INFO  [Log] My test case is about to finish 
2023-04-09 10:40:37,172 INFO  [Log] ################################## 
2023-04-09 10:40:37,172 INFO  [Log] ########################################## 
2023-04-09 10:40:37,172 INFO  [Log] ############   End of Test ################ 
2023-04-09 10:40:37,172 INFO  [Log] ########################## 
2023-04-09 10:40:37,172 INFO  [Log] ########################################## 
2023-04-09 10:41:02,092 INFO  [Log] ********************************** 
2023-04-09 10:41:02,092 INFO  [Log] ***************************************** 
2023-04-09 10:41:02,092 INFO  [Log] ############   My first test case is starting ################ 
2023-04-09 10:41:02,092 INFO  [Log] ********************************** 
2023-04-09 10:41:02,092 INFO  [Log] ***************************************** 
2023-04-09 10:41:02,092 INFO  [Log] My login test is going on 
2023-04-09 10:41:02,092 INFO  [Log] My test case might fail 
2023-04-09 10:41:13,618 INFO  [Log] My test case is about to finish 
2023-04-09 10:41:13,618 INFO  [Log] ################################## 
2023-04-09 10:41:13,618 INFO  [Log] ########################################## 
2023-04-09 10:41:13,618 INFO  [Log] ############   End of Test ################ 
2023-04-09 10:41:13,618 INFO  [Log] ########################## 
2023-04-09 10:41:13,618 INFO  [Log] ########################################## 
2023-04-28 21:35:52,109 INFO  [Log] ********************************** 
2023-04-28 21:35:52,110 INFO  [Log] ***************************************** 
2023-04-28 21:35:52,110 INFO  [Log] ############   My first test case is starting ################ 
2023-04-28 21:35:52,110 INFO  [Log] ********************************** 
2023-04-28 21:35:52,110 INFO  [Log] ***************************************** 
2023-04-28 21:35:52,110 INFO  [Log] My login test is going on 
2023-04-28 21:35:52,110 INFO  [Log] My test case might fail 
2023-04-28 21:36:02,036 INFO  [Log] My test case is about to finish 
2023-04-28 21:36:02,036 INFO  [Log] ################################## 
2023-04-28 21:36:02,036 INFO  [Log] ########################################## 
2023-04-28 21:36:02,036 INFO  [Log] ############   End of Test ################ 
2023-04-28 21:36:02,036 INFO  [Log] ########################## 
2023-04-28 21:36:02,036 INFO  [Log] ########################################## 
2023-04-28 21:37:57,194 INFO  [Log] ********************************** 
2023-04-28 21:37:57,194 INFO  [Log] ***************************************** 
2023-04-28 21:37:57,194 INFO  [Log] ############   My first test case is starting ################ 
2023-04-28 21:37:57,194 INFO  [Log] ********************************** 
2023-04-28 21:37:57,195 INFO  [Log] ***************************************** 
2023-04-28 21:37:57,195 INFO  [Log] My login test is going on 
2023-04-28 21:37:57,195 INFO  [Log] My test case might fail 
2023-04-28 21:38:07,279 INFO  [Log] My test case is about to finish 
2023-04-28 21:38:07,280 INFO  [Log] ################################## 
2023-04-28 21:38:07,280 INFO  [Log] ########################################## 
2023-04-28 21:38:07,280 INFO  [Log] ############   End of Test ################ 
2023-04-28 21:38:07,280 INFO  [Log] ########################## 
2023-04-28 21:38:07,280 INFO  [Log] ########################################## 
2023-04-28 21:38:40,752 INFO  [Log] ********************************** 
2023-04-28 21:38:40,752 INFO  [Log] ***************************************** 
2023-04-28 21:38:40,752 INFO  [Log] ############   My first test case is starting ################ 
2023-04-28 21:38:40,752 INFO  [Log] ********************************** 
2023-04-28 21:38:40,752 INFO  [Log] ***************************************** 
2023-04-28 21:38:40,752 INFO  [Log] My login test is going on 
2023-04-28 21:38:40,752 INFO  [Log] My test case might fail 
2023-04-28 21:38:50,498 INFO  [Log] My test case is about to finish 
2023-04-28 21:38:50,498 INFO  [Log] ################################## 
2023-04-28 21:38:50,498 INFO  [Log] ########################################## 
2023-04-28 21:38:50,498 INFO  [Log] ############   End of Test ################ 
2023-04-28 21:38:50,498 INFO  [Log] ########################## 
2023-04-28 21:38:50,498 INFO  [Log] ########################################## 
2023-04-28 21:39:43,393 INFO  [Log] ********************************** 
2023-04-28 21:39:43,393 INFO  [Log] ***************************************** 
2023-04-28 21:39:43,393 INFO  [Log] ############   My first test case is starting ################ 
2023-04-28 21:39:43,393 INFO  [Log] ********************************** 
2023-04-28 21:39:43,393 INFO  [Log] ***************************************** 
2023-04-28 21:39:43,393 INFO  [Log] My login test is going on 
2023-04-28 21:39:43,393 INFO  [Log] My test case might fail 
2023-04-28 21:39:53,260 INFO  [Log] My test case is about to finish 
2023-04-28 21:39:53,260 INFO  [Log] ################################## 
2023-04-28 21:39:53,260 INFO  [Log] ########################################## 
2023-04-28 21:39:53,260 INFO  [Log] ############   End of Test ################ 
2023-04-28 21:39:53,260 INFO  [Log] ########################## 
2023-04-28 21:39:53,260 INFO  [Log] ########################################## 
2023-04-28 21:41:11,115 INFO  [Log] ********************************** 
2023-04-28 21:41:11,116 INFO  [Log] ***************************************** 
2023-04-28 21:41:11,116 INFO  [Log] ############   My first test case is starting ################ 
2023-04-28 21:41:11,116 INFO  [Log] ********************************** 
2023-04-28 21:41:11,116 INFO  [Log] ***************************************** 
2023-04-28 21:41:11,116 INFO  [Log] My login test is going on 
2023-04-28 21:41:11,116 INFO  [Log] My test case might fail 
2023-04-28 21:41:21,157 INFO  [Log] My test case is about to finish 
2023-04-28 21:41:21,157 INFO  [Log] ################################## 
2023-04-28 21:41:21,157 INFO  [Log] ########################################## 
2023-04-28 21:41:21,157 INFO  [Log] ############   End of Test ################ 
2023-04-28 21:41:21,157 INFO  [Log] ########################## 
2023-04-28 21:41:21,157 INFO  [Log] ########################################## 
2023-04-28 21:42:25,551 INFO  [Log] ********************************** 
2023-04-28 21:42:25,552 INFO  [Log] ***************************************** 
2023-04-28 21:42:25,552 INFO  [Log] ############   My first test case is starting ################ 
2023-04-28 21:42:25,552 INFO  [Log] ********************************** 
2023-04-28 21:42:25,552 INFO  [Log] ***************************************** 
2023-04-28 21:42:25,552 INFO  [Log] My login test is going on 
2023-04-28 21:42:25,552 INFO  [Log] My test case might fail 
2023-04-28 21:42:35,532 INFO  [Log] My test case is about to finish 
2023-04-28 21:42:35,532 INFO  [Log] ################################## 
2023-04-28 21:42:35,532 INFO  [Log] ########################################## 
2023-04-28 21:42:35,532 INFO  [Log] ############   End of Test ################ 
2023-04-28 21:42:35,532 INFO  [Log] ########################## 
2023-04-28 21:42:35,532 INFO  [Log] ########################################## 
2023-04-28 21:43:41,675 INFO  [Log] ********************************** 
2023-04-28 21:43:41,675 INFO  [Log] ***************************************** 
2023-04-28 21:43:41,675 INFO  [Log] ############   My first test case is starting ################ 
2023-04-28 21:43:41,675 INFO  [Log] ********************************** 
2023-04-28 21:43:41,675 INFO  [Log] ***************************************** 
2023-04-28 21:43:41,675 INFO  [Log] My login test is going on 
2023-04-28 21:43:41,675 INFO  [Log] My test case might fail 
2023-04-28 21:43:52,978 INFO  [Log] My test case is about to finish 
2023-04-28 21:43:52,978 INFO  [Log] ################################## 
2023-04-28 21:43:52,978 INFO  [Log] ########################################## 
2023-04-28 21:43:52,978 INFO  [Log] ############   End of Test ################ 
2023-04-28 21:43:52,978 INFO  [Log] ########################## 
2023-04-28 21:43:52,978 INFO  [Log] ########################################## 
2023-05-04 18:59:30,101 INFO  [Log] ********************************** 
2023-05-04 18:59:30,101 INFO  [Log] ***************************************** 
2023-05-04 18:59:30,101 INFO  [Log] ############   My first test case is starting ################ 
2023-05-04 18:59:30,101 INFO  [Log] ********************************** 
2023-05-04 18:59:30,101 INFO  [Log] ***************************************** 
2023-05-04 18:59:30,101 INFO  [Log] My login test is going on 
2023-05-04 18:59:30,101 INFO  [Log] My test case might fail 
2023-05-04 18:59:39,582 INFO  [Log] My test case is about to finish 
2023-05-04 18:59:39,582 INFO  [Log] ################################## 
2023-05-04 18:59:39,582 INFO  [Log] ########################################## 
2023-05-04 18:59:39,582 INFO  [Log] ############   End of Test ################ 
2023-05-04 18:59:39,582 INFO  [Log] ########################## 
2023-05-04 18:59:39,582 INFO  [Log] ########################################## 
2023-05-12 19:10:01,034 INFO  [Log] ********************************** 
2023-05-12 19:10:01,034 INFO  [Log] ***************************************** 
2023-05-12 19:10:01,034 INFO  [Log] ############   My first test case is starting ################ 
2023-05-12 19:10:01,034 INFO  [Log] ********************************** 
2023-05-12 19:10:01,034 INFO  [Log] ***************************************** 
2023-05-12 19:10:01,034 INFO  [Log] My login test is going on 
2023-05-12 19:10:01,034 INFO  [Log] My test case might fail 
2023-05-12 19:10:02,812 INFO  [Log] My test case is about to finish 
2023-05-12 19:10:02,812 INFO  [Log] ################################## 
2023-05-12 19:10:02,812 INFO  [Log] ########################################## 
2023-05-12 19:10:02,812 INFO  [Log] ############   End of Test ################ 
2023-05-12 19:10:02,812 INFO  [Log] ########################## 
2023-05-12 19:10:02,812 INFO  [Log] ########################################## 
